Using pre-set license
Built from '2020.3/staging' branch; Version is '2020.3.6f1 (338bb68529b2) revision 3378102'; Using compiler version '192528614'; Build Type 'Release'
OS: 'Windows 10 Home; OS build 19042.1526; Version 2009; 64bit' Language: 'en' Physical Memory: 16201 MB
BatchMode: 1, IsHumanControllingUs: 0, StartBugReporterOnCrash: 0, Is64bit: 1, IsPro: 0

 COMMAND LINE ARGUMENTS:
C:\Program Files\Unity\Hub\Editor\2020.3.6f1\Editor\Unity.exe
-adb2
-batchMode
-noUpm
-name
AssetImportWorker0
-projectPath
C:/Users/saeid/OneDrive/Desktop/GameEngine/Endle-Horde-Zombie-Shooter
-logFile
Logs/AssetImportWorker0.log
-srvPort
52695
Successfully changed project path to: C:/Users/saeid/OneDrive/Desktop/GameEngine/Endle-Horde-Zombie-Shooter
C:/Users/saeid/OneDrive/Desktop/GameEngine/Endle-Horde-Zombie-Shooter
Using Asset Import Pipeline V2.
Refreshing native plugins compatible for Editor in 34.02 ms, found 0 plugins.
Preloading 0 native plugins for Editor in 0.00 ms.
Initialize engine version: 2020.3.6f1 (338bb68529b2)
[Subsystems] Discovering subsystems at path C:/Program Files/Unity/Hub/Editor/2020.3.6f1/Editor/Data/Resources/UnitySubsystems
[Subsystems] Discovering subsystems at path C:/Users/saeid/OneDrive/Desktop/GameEngine/Endle-Horde-Zombie-Shooter/Assets
GfxDevice: creating device client; threaded=0
Direct3D:
    Version:  Direct3D 11.0 [level 11.1]
    Renderer: NVIDIA GeForce RTX 2060 (ID=0x1f15)
    Vendor:   
    VRAM:     5980 MB
    Driver:   27.21.14.6192
Initialize mono
Mono path[0] = 'C:/Program Files/Unity/Hub/Editor/2020.3.6f1/Editor/Data/Managed'
Mono path[1] = 'C:/Program Files/Unity/Hub/Editor/2020.3.6f1/Editor/Data/MonoBleedingEdge/lib/mono/unityjit'
Mono config path = 'C:/Program Files/Unity/Hub/Editor/2020.3.6f1/Editor/Data/MonoBleedingEdge/etc'
Using monoOptions --debugger-agent=transport=dt_socket,embedding=1,server=y,suspend=n,address=127.0.0.1:56572
Begin MonoManager ReloadAssembly
Registering precompiled unity dll's ...
Register platform support module: C:/Program Files/Unity/Hub/Editor/2020.3.6f1/Editor/Data/PlaybackEngines/WebGLSupport/UnityEditor.WebGL.Extensions.dll
Register platform support module: C:/Program Files/Unity/Hub/Editor/2020.3.6f1/Editor/Data/PlaybackEngines/WindowsStandaloneSupport/UnityEditor.WindowsStandalone.Extensions.dll
Registered in 0.004200 seconds.
Native extension for WindowsStandalone target not found
Native extension for WebGL target not found
Refreshing native plugins compatible for Editor in 90.34 ms, found 0 plugins.
Preloading 0 native plugins for Editor in 0.00 ms.
Mono: successfully reloaded assembly
- Completed reload, in  4.446 seconds
Platform modules already initialized, skipping
Registering precompiled user dll's ...
Registered in 0.003521 seconds.
Begin MonoManager ReloadAssembly
Native extension for WindowsStandalone target not found
Native extension for WebGL target not found
Refreshing native plugins compatible for Editor in 35.93 ms, found 0 plugins.
Preloading 0 native plugins for Editor in 0.00 ms.
Mono: successfully reloaded assembly
- Completed reload, in  1.691 seconds
Platform modules already initialized, skipping
========================================================================
Worker process is ready to serve import requests
Launched and connected shader compiler UnityShaderCompiler.exe after 0.10 seconds
Refreshing native plugins compatible for Editor in 0.44 ms, found 0 plugins.
Preloading 0 native plugins for Editor in 0.00 ms.
Unloading 1926 Unused Serialized files (Serialized files now loaded: 0)
System memory in use before: 89.0 MB.
System memory in use after: 89.0 MB.

Unloading 14 unused Assets to reduce memory usage. Loaded Objects now: 2373.
Total: 2.226000 ms (FindLiveObjects: 0.287200 ms CreateObjectMapping: 0.139500 ms MarkObjects: 1.668100 ms  DeleteObjects: 0.130000 ms)

========================================================================
Received Import Request.
  path: Assets/Scripts/PlayerController.cs
  artifactKey: Guid(ba1d509a741b7254d8ac5bfa3cf73da0) Importer(815301076,1909f56bfc062723c751e8b465ee728b)
Start importing Assets/Scripts/PlayerController.cs using Guid(ba1d509a741b7254d8ac5bfa3cf73da0) Importer(815301076,1909f56bfc062723c751e8b465ee728b)  -> (artifact id: '5526f4471918fbe8f772cda112aca6e6') in 0.025334 seconds
  Import took 0.029125 seconds .

========================================================================
Received Prepare
Registering precompiled user dll's ...
Registered in 0.000902 seconds.
Begin MonoManager ReloadAssembly
Native extension for WindowsStandalone target not found
Native extension for WebGL target not found
Refreshing native plugins compatible for Editor in 0.28 ms, found 0 plugins.
Preloading 0 native plugins for Editor in 0.00 ms.
Mono: successfully reloaded assembly
- Completed reload, in  0.838 seconds
Platform modules already initialized, skipping
Refreshing native plugins compatible for Editor in 0.29 ms, found 0 plugins.
Preloading 0 native plugins for Editor in 0.00 ms.
Unloading 1897 Unused Serialized files (Serialized files now loaded: 0)
System memory in use before: 86.8 MB.
System memory in use after: 86.8 MB.

Unloading 7 unused Assets to reduce memory usage. Loaded Objects now: 2376.
Total: 2.479900 ms (FindLiveObjects: 0.186600 ms CreateObjectMapping: 0.068300 ms MarkObjects: 2.107400 ms  DeleteObjects: 0.116000 ms)

========================================================================
Received Prepare
Registering precompiled user dll's ...
Registered in 0.000802 seconds.
Begin MonoManager ReloadAssembly
Native extension for WindowsStandalone target not found
Native extension for WebGL target not found
Refreshing native plugins compatible for Editor in 0.29 ms, found 0 plugins.
Preloading 0 native plugins for Editor in 0.00 ms.
Mono: successfully reloaded assembly
- Completed reload, in  0.815 seconds
Platform modules already initialized, skipping
Refreshing native plugins compatible for Editor in 0.29 ms, found 0 plugins.
Preloading 0 native plugins for Editor in 0.00 ms.
Unloading 1897 Unused Serialized files (Serialized files now loaded: 0)
System memory in use before: 86.8 MB.
System memory in use after: 86.9 MB.

Unloading 7 unused Assets to reduce memory usage. Loaded Objects now: 2379.
Total: 1.850000 ms (FindLiveObjects: 0.179300 ms CreateObjectMapping: 0.057800 ms MarkObjects: 1.516500 ms  DeleteObjects: 0.095400 ms)

========================================================================
Received Prepare
Registering precompiled user dll's ...
Registered in 0.000892 seconds.
Begin MonoManager ReloadAssembly
Native extension for WindowsStandalone target not found
Native extension for WebGL target not found
Refreshing native plugins compatible for Editor in 0.29 ms, found 0 plugins.
Preloading 0 native plugins for Editor in 0.00 ms.
Mono: successfully reloaded assembly
- Completed reload, in  0.867 seconds
Platform modules already initialized, skipping
Refreshing native plugins compatible for Editor in 0.29 ms, found 0 plugins.
Preloading 0 native plugins for Editor in 0.00 ms.
Unloading 1897 Unused Serialized files (Serialized files now loaded: 0)
System memory in use before: 86.8 MB.
System memory in use after: 86.9 MB.

Unloading 7 unused Assets to reduce memory usage. Loaded Objects now: 2382.
Total: 2.342900 ms (FindLiveObjects: 0.192700 ms CreateObjectMapping: 0.102800 ms MarkObjects: 1.910300 ms  DeleteObjects: 0.136200 ms)

========================================================================
Received Prepare
Registering precompiled user dll's ...
Registered in 0.001271 seconds.
Begin MonoManager ReloadAssembly
Native extension for WindowsStandalone target not found
Native extension for WebGL target not found
Refreshing native plugins compatible for Editor in 0.28 ms, found 0 plugins.
Preloading 0 native plugins for Editor in 0.00 ms.
Mono: successfully reloaded assembly
- Completed reload, in  0.809 seconds
Platform modules already initialized, skipping
Refreshing native plugins compatible for Editor in 0.29 ms, found 0 plugins.
Preloading 0 native plugins for Editor in 0.00 ms.
Unloading 1897 Unused Serialized files (Serialized files now loaded: 0)
System memory in use before: 86.9 MB.
System memory in use after: 86.9 MB.

Unloading 7 unused Assets to reduce memory usage. Loaded Objects now: 2385.
Total: 2.263800 ms (FindLiveObjects: 0.228900 ms CreateObjectMapping: 0.089900 ms MarkObjects: 1.832200 ms  DeleteObjects: 0.111600 ms)

========================================================================
Received Prepare
Registering precompiled user dll's ...
Registered in 0.000949 seconds.
Begin MonoManager ReloadAssembly
Native extension for WindowsStandalone target not found
Native extension for WebGL target not found
Refreshing native plugins compatible for Editor in 0.29 ms, found 0 plugins.
Preloading 0 native plugins for Editor in 0.00 ms.
Mono: successfully reloaded assembly
- Completed reload, in  0.821 seconds
Platform modules already initialized, skipping
Refreshing native plugins compatible for Editor in 0.29 ms, found 0 plugins.
Preloading 0 native plugins for Editor in 0.00 ms.
Unloading 1897 Unused Serialized files (Serialized files now loaded: 0)
System memory in use before: 86.9 MB.
System memory in use after: 86.9 MB.

Unloading 7 unused Assets to reduce memory usage. Loaded Objects now: 2388.
Total: 2.038000 ms (FindLiveObjects: 0.202200 ms CreateObjectMapping: 0.066400 ms MarkObjects: 1.577800 ms  DeleteObjects: 0.190600 ms)

========================================================================
Received Prepare
Registering precompiled user dll's ...
Registered in 0.000889 seconds.
Begin MonoManager ReloadAssembly
Native extension for WindowsStandalone target not found
Native extension for WebGL target not found
Refreshing native plugins compatible for Editor in 0.30 ms, found 0 plugins.
Preloading 0 native plugins for Editor in 0.00 ms.
Mono: successfully reloaded assembly
- Completed reload, in  0.828 seconds
Platform modules already initialized, skipping
Refreshing native plugins compatible for Editor in 0.30 ms, found 0 plugins.
Preloading 0 native plugins for Editor in 0.00 ms.
Unloading 1897 Unused Serialized files (Serialized files now loaded: 0)
System memory in use before: 86.9 MB.
System memory in use after: 86.9 MB.

Unloading 7 unused Assets to reduce memory usage. Loaded Objects now: 2391.
Total: 2.189700 ms (FindLiveObjects: 0.277400 ms CreateObjectMapping: 0.102100 ms MarkObjects: 1.652800 ms  DeleteObjects: 0.156500 ms)

========================================================================
Received Prepare
Registering precompiled user dll's ...
Registered in 0.000875 seconds.
Begin MonoManager ReloadAssembly
Native extension for WindowsStandalone target not found
Native extension for WebGL target not found
Refreshing native plugins compatible for Editor in 0.39 ms, found 0 plugins.
Preloading 0 native plugins for Editor in 0.00 ms.
Mono: successfully reloaded assembly
- Completed reload, in  0.872 seconds
Platform modules already initialized, skipping
Refreshing native plugins compatible for Editor in 0.30 ms, found 0 plugins.
Preloading 0 native plugins for Editor in 0.00 ms.
Unloading 1897 Unused Serialized files (Serialized files now loaded: 0)
System memory in use before: 86.9 MB.
System memory in use after: 86.9 MB.

Unloading 7 unused Assets to reduce memory usage. Loaded Objects now: 2394.
Total: 2.265000 ms (FindLiveObjects: 0.298700 ms CreateObjectMapping: 0.130400 ms MarkObjects: 1.692500 ms  DeleteObjects: 0.142200 ms)

========================================================================
Received Prepare
Registering precompiled user dll's ...
Registered in 0.000873 seconds.
Begin MonoManager ReloadAssembly
Native extension for WindowsStandalone target not found
Native extension for WebGL target not found
Refreshing native plugins compatible for Editor in 0.28 ms, found 0 plugins.
Preloading 0 native plugins for Editor in 0.00 ms.
Mono: successfully reloaded assembly
- Completed reload, in  0.826 seconds
Platform modules already initialized, skipping
Refreshing native plugins compatible for Editor in 0.31 ms, found 0 plugins.
Preloading 0 native plugins for Editor in 0.00 ms.
Unloading 1897 Unused Serialized files (Serialized files now loaded: 0)
System memory in use before: 86.9 MB.
System memory in use after: 86.9 MB.

Unloading 7 unused Assets to reduce memory usage. Loaded Objects now: 2397.
Total: 1.935900 ms (FindLiveObjects: 0.264500 ms CreateObjectMapping: 0.109300 ms MarkObjects: 1.454900 ms  DeleteObjects: 0.105500 ms)

========================================================================
Received Prepare
Registering precompiled user dll's ...
Registered in 0.000891 seconds.
Begin MonoManager ReloadAssembly
Native extension for WindowsStandalone target not found
Native extension for WebGL target not found
Refreshing native plugins compatible for Editor in 0.31 ms, found 0 plugins.
Preloading 0 native plugins for Editor in 0.00 ms.
Mono: successfully reloaded assembly
- Completed reload, in  0.899 seconds
Platform modules already initialized, skipping
Refreshing native plugins compatible for Editor in 0.30 ms, found 0 plugins.
Preloading 0 native plugins for Editor in 0.00 ms.
Unloading 1897 Unused Serialized files (Serialized files now loaded: 0)
System memory in use before: 86.9 MB.
System memory in use after: 86.9 MB.

Unloading 7 unused Assets to reduce memory usage. Loaded Objects now: 2400.
Total: 2.396600 ms (FindLiveObjects: 0.188400 ms CreateObjectMapping: 0.073600 ms MarkObjects: 2.024200 ms  DeleteObjects: 0.109300 ms)

========================================================================
Received Prepare
Registering precompiled user dll's ...
Registered in 0.000872 seconds.
Begin MonoManager ReloadAssembly
Native extension for WindowsStandalone target not found
Native extension for WebGL target not found
Refreshing native plugins compatible for Editor in 0.28 ms, found 0 plugins.
Preloading 0 native plugins for Editor in 0.00 ms.
Mono: successfully reloaded assembly
- Completed reload, in  0.826 seconds
Platform modules already initialized, skipping
Refreshing native plugins compatible for Editor in 0.29 ms, found 0 plugins.
Preloading 0 native plugins for Editor in 0.00 ms.
Unloading 1897 Unused Serialized files (Serialized files now loaded: 0)
System memory in use before: 86.9 MB.
System memory in use after: 86.9 MB.

Unloading 7 unused Assets to reduce memory usage. Loaded Objects now: 2403.
Total: 2.092100 ms (FindLiveObjects: 0.277500 ms CreateObjectMapping: 0.058700 ms MarkObjects: 1.660200 ms  DeleteObjects: 0.094800 ms)

========================================================================
Received Prepare
Registering precompiled user dll's ...
Registered in 0.001822 seconds.
Begin MonoManager ReloadAssembly
Native extension for WindowsStandalone target not found
Native extension for WebGL target not found
Refreshing native plugins compatible for Editor in 0.56 ms, found 0 plugins.
Preloading 0 native plugins for Editor in 0.00 ms.
Mono: successfully reloaded assembly
- Completed reload, in  1.081 seconds
Platform modules already initialized, skipping
Refreshing native plugins compatible for Editor in 0.33 ms, found 0 plugins.
Preloading 0 native plugins for Editor in 0.00 ms.
Unloading 1897 Unused Serialized files (Serialized files now loaded: 0)
System memory in use before: 86.9 MB.
System memory in use after: 87.0 MB.

Unloading 7 unused Assets to reduce memory usage. Loaded Objects now: 2406.
Total: 2.344500 ms (FindLiveObjects: 0.375400 ms CreateObjectMapping: 0.105400 ms MarkObjects: 1.738600 ms  DeleteObjects: 0.123600 ms)

========================================================================
Received Prepare
Registering precompiled user dll's ...
Registered in 0.000869 seconds.
Begin MonoManager ReloadAssembly
Native extension for WindowsStandalone target not found
Native extension for WebGL target not found
Refreshing native plugins compatible for Editor in 0.28 ms, found 0 plugins.
Preloading 0 native plugins for Editor in 0.00 ms.
Mono: successfully reloaded assembly
- Completed reload, in  0.825 seconds
Platform modules already initialized, skipping
Refreshing native plugins compatible for Editor in 0.30 ms, found 0 plugins.
Preloading 0 native plugins for Editor in 0.00 ms.
Unloading 1897 Unused Serialized files (Serialized files now loaded: 0)
System memory in use before: 86.9 MB.
System memory in use after: 87.0 MB.

Unloading 7 unused Assets to reduce memory usage. Loaded Objects now: 2409.
Total: 2.502800 ms (FindLiveObjects: 0.471400 ms CreateObjectMapping: 0.101900 ms MarkObjects: 1.829800 ms  DeleteObjects: 0.098500 ms)

========================================================================
Received Prepare
Registering precompiled user dll's ...
Registered in 0.000897 seconds.
Begin MonoManager ReloadAssembly
Native extension for WindowsStandalone target not found
Native extension for WebGL target not found
Refreshing native plugins compatible for Editor in 0.28 ms, found 0 plugins.
Preloading 0 native plugins for Editor in 0.00 ms.
Mono: successfully reloaded assembly
- Completed reload, in  0.852 seconds
Platform modules already initialized, skipping
Refreshing native plugins compatible for Editor in 0.30 ms, found 0 plugins.
Preloading 0 native plugins for Editor in 0.00 ms.
Unloading 1897 Unused Serialized files (Serialized files now loaded: 0)
System memory in use before: 86.9 MB.
System memory in use after: 87.0 MB.

Unloading 7 unused Assets to reduce memory usage. Loaded Objects now: 2412.
Total: 2.084500 ms (FindLiveObjects: 0.204500 ms CreateObjectMapping: 0.076700 ms MarkObjects: 1.704200 ms  DeleteObjects: 0.098300 ms)

========================================================================
Received Prepare
Registering precompiled user dll's ...
Registered in 0.001000 seconds.
Begin MonoManager ReloadAssembly
Native extension for WindowsStandalone target not found
Native extension for WebGL target not found
Refreshing native plugins compatible for Editor in 0.29 ms, found 0 plugins.
Preloading 0 native plugins for Editor in 0.00 ms.
Mono: successfully reloaded assembly
- Completed reload, in  0.808 seconds
Platform modules already initialized, skipping
Refreshing native plugins compatible for Editor in 0.32 ms, found 0 plugins.
Preloading 0 native plugins for Editor in 0.00 ms.
Unloading 1897 Unused Serialized files (Serialized files now loaded: 0)
System memory in use before: 86.9 MB.
System memory in use after: 87.0 MB.

Unloading 7 unused Assets to reduce memory usage. Loaded Objects now: 2415.
Total: 2.025800 ms (FindLiveObjects: 0.212200 ms CreateObjectMapping: 0.104600 ms MarkObjects: 1.598000 ms  DeleteObjects: 0.110200 ms)

========================================================================
Received Prepare
Registering precompiled user dll's ...
Registered in 0.001341 seconds.
Begin MonoManager ReloadAssembly
Native extension for WindowsStandalone target not found
Native extension for WebGL target not found
Refreshing native plugins compatible for Editor in 0.53 ms, found 0 plugins.
Preloading 0 native plugins for Editor in 0.00 ms.
Mono: successfully reloaded assembly
- Completed reload, in  0.792 seconds
Platform modules already initialized, skipping
Refreshing native plugins compatible for Editor in 0.31 ms, found 0 plugins.
Preloading 0 native plugins for Editor in 0.00 ms.
Unloading 1897 Unused Serialized files (Serialized files now loaded: 0)
System memory in use before: 87.0 MB.
System memory in use after: 87.0 MB.

Unloading 7 unused Assets to reduce memory usage. Loaded Objects now: 2418.
Total: 2.194000 ms (FindLiveObjects: 0.260700 ms CreateObjectMapping: 0.120000 ms MarkObjects: 1.691200 ms  DeleteObjects: 0.120900 ms)

========================================================================
Received Prepare
Registering precompiled user dll's ...
Registered in 0.001641 seconds.
Begin MonoManager ReloadAssembly
Native extension for WindowsStandalone target not found
Native extension for WebGL target not found
Refreshing native plugins compatible for Editor in 0.35 ms, found 0 plugins.
Preloading 0 native plugins for Editor in 0.00 ms.
Mono: successfully reloaded assembly
- Completed reload, in  0.900 seconds
Platform modules already initialized, skipping
Refreshing native plugins compatible for Editor in 0.40 ms, found 0 plugins.
Preloading 0 native plugins for Editor in 0.00 ms.
Unloading 1897 Unused Serialized files (Serialized files now loaded: 0)
System memory in use before: 87.0 MB.
System memory in use after: 87.0 MB.

Unloading 7 unused Assets to reduce memory usage. Loaded Objects now: 2421.
Total: 1.816600 ms (FindLiveObjects: 0.185000 ms CreateObjectMapping: 0.069500 ms MarkObjects: 1.450000 ms  DeleteObjects: 0.111000 ms)

========================================================================
Received Import Request.
  Time since last request: 4873.589233 seconds.
  path: Assets/Prefabs/Assault_Rifle_M4_with_scope.prefab
  artifactKey: Guid(00e1a7832b68bae4eb28cecf9ba645bc) Importer(815301076,1909f56bfc062723c751e8b465ee728b)
Start importing Assets/Prefabs/Assault_Rifle_M4_with_scope.prefab using Guid(00e1a7832b68bae4eb28cecf9ba645bc) Importer(815301076,1909f56bfc062723c751e8b465ee728b)  -> (artifact id: '3646d18b34306466459eec8622ac8482') in 0.110739 seconds
  Import took 0.114031 seconds .

========================================================================
Received Import Request.
  Time since last request: 120.336986 seconds.
  path: Assets/PolygonApocalypse/Prefabs/FX/Prefabbed/FX_Gunshot_01.prefab
  artifactKey: Guid(0624c6f5a57851d48ba74b4f86ec13d7) Importer(815301076,1909f56bfc062723c751e8b465ee728b)
Start importing Assets/PolygonApocalypse/Prefabs/FX/Prefabbed/FX_Gunshot_01.prefab using Guid(0624c6f5a57851d48ba74b4f86ec13d7) Importer(815301076,1909f56bfc062723c751e8b465ee728b)  -> (artifact id: '685620b9815654a45fd49d0daba75ef0') in 0.011062 seconds
  Import took 0.015775 seconds .

========================================================================
Received Import Request.
  Time since last request: 1.678565 seconds.
  path: Assets/PolygonApocalypse/Prefabs/FX/Misc/FX_Sphere.fbx
  artifactKey: Guid(219de587148d8bb41a8e255859dafe53) Importer(815301076,1909f56bfc062723c751e8b465ee728b)
Start importing Assets/PolygonApocalypse/Prefabs/FX/Misc/FX_Sphere.fbx using Guid(219de587148d8bb41a8e255859dafe53) Importer(815301076,1909f56bfc062723c751e8b465ee728b)  -> (artifact id: '029dc33054e79c39a9bec8b03c48ea63') in 0.040048 seconds
  Import took 0.043187 seconds .

========================================================================
Received Import Request.
  Time since last request: 118.799327 seconds.
  path: Assets/Prefabs/Assault_Rifle_M4_with_scope.prefab
  artifactKey: Guid(00e1a7832b68bae4eb28cecf9ba645bc) Importer(815301076,1909f56bfc062723c751e8b465ee728b)
Start importing Assets/Prefabs/Assault_Rifle_M4_with_scope.prefab using Guid(00e1a7832b68bae4eb28cecf9ba645bc) Importer(815301076,1909f56bfc062723c751e8b465ee728b)  -> (artifact id: 'a690cf886c8ddbc0250ee7a2b252a603') in 0.025093 seconds
  Import took 0.028402 seconds .

========================================================================
Received Import Request.
  Time since last request: 3.974200 seconds.
  path: Assets/Prefabs/Assault_Rifle_M4_with_scope.prefab
  artifactKey: Guid(00e1a7832b68bae4eb28cecf9ba645bc) Importer(815301076,1909f56bfc062723c751e8b465ee728b)
Start importing Assets/Prefabs/Assault_Rifle_M4_with_scope.prefab using Guid(00e1a7832b68bae4eb28cecf9ba645bc) Importer(815301076,1909f56bfc062723c751e8b465ee728b)  -> (artifact id: '6bf41765fa09057f0d75dea463de1817') in 0.018675 seconds
  Import took 0.022124 seconds .

========================================================================
Received Import Request.
  Time since last request: 2.397981 seconds.
  path: Assets/Prefabs/Assault_Rifle_M4_with_scope.prefab
  artifactKey: Guid(00e1a7832b68bae4eb28cecf9ba645bc) Importer(815301076,1909f56bfc062723c751e8b465ee728b)
Start importing Assets/Prefabs/Assault_Rifle_M4_with_scope.prefab using Guid(00e1a7832b68bae4eb28cecf9ba645bc) Importer(815301076,1909f56bfc062723c751e8b465ee728b)  -> (artifact id: '17f884390ffe35f6e513f151bc8244ec') in 0.016872 seconds
  Import took 0.019970 seconds .

========================================================================
Received Import Request.
  Time since last request: 13.887458 seconds.
  path: Assets/Prefabs/Assault_Rifle_M4_with_scope.prefab
  artifactKey: Guid(00e1a7832b68bae4eb28cecf9ba645bc) Importer(815301076,1909f56bfc062723c751e8b465ee728b)
Start importing Assets/Prefabs/Assault_Rifle_M4_with_scope.prefab using Guid(00e1a7832b68bae4eb28cecf9ba645bc) Importer(815301076,1909f56bfc062723c751e8b465ee728b)  -> (artifact id: '14a568dd54ac42838460927dd0ce516d') in 0.020683 seconds
  Import took 0.024555 seconds .

========================================================================
Received Import Request.
  Time since last request: 31.827683 seconds.
  path: Assets/Prefabs/Assault_Rifle_M4_with_scope.prefab
  artifactKey: Guid(00e1a7832b68bae4eb28cecf9ba645bc) Importer(815301076,1909f56bfc062723c751e8b465ee728b)
Start importing Assets/Prefabs/Assault_Rifle_M4_with_scope.prefab using Guid(00e1a7832b68bae4eb28cecf9ba645bc) Importer(815301076,1909f56bfc062723c751e8b465ee728b)  -> (artifact id: '6f00a1ccda1ac6c900168200da19cd1f') in 0.017394 seconds
  Import took 0.020781 seconds .

========================================================================
Received Prepare
Registering precompiled user dll's ...
Registered in 0.000929 seconds.
Begin MonoManager ReloadAssembly
Native extension for WindowsStandalone target not found
Native extension for WebGL target not found
Refreshing native plugins compatible for Editor in 0.30 ms, found 0 plugins.
Preloading 0 native plugins for Editor in 0.00 ms.
Mono: successfully reloaded assembly
- Completed reload, in  0.899 seconds
Platform modules already initialized, skipping
Refreshing native plugins compatible for Editor in 0.41 ms, found 0 plugins.
Preloading 0 native plugins for Editor in 0.00 ms.
Unloading 1897 Unused Serialized files (Serialized files now loaded: 0)
System memory in use before: 90.3 MB.
System memory in use after: 90.3 MB.

Unloading 8 unused Assets to reduce memory usage. Loaded Objects now: 2434.
Total: 1.954900 ms (FindLiveObjects: 0.211100 ms CreateObjectMapping: 0.113700 ms MarkObjects: 1.511800 ms  DeleteObjects: 0.117200 ms)

========================================================================
Received Import Request.
  Time since last request: 180.887814 seconds.
  path: Assets/Prefabs/Assault_Rifle_M4_with_scope.prefab
  artifactKey: Guid(00e1a7832b68bae4eb28cecf9ba645bc) Importer(815301076,1909f56bfc062723c751e8b465ee728b)
Start importing Assets/Prefabs/Assault_Rifle_M4_with_scope.prefab using Guid(00e1a7832b68bae4eb28cecf9ba645bc) Importer(815301076,1909f56bfc062723c751e8b465ee728b)  -> (artifact id: '2e32ccdbe81fa73183923ec54a9cac8e') in 0.060942 seconds
  Import took 0.064286 seconds .

========================================================================
Received Import Request.
  Time since last request: 39.144396 seconds.
  path: Assets/Prefabs/Assault_Rifle_M4_with_scope.prefab
  artifactKey: Guid(00e1a7832b68bae4eb28cecf9ba645bc) Importer(815301076,1909f56bfc062723c751e8b465ee728b)
Start importing Assets/Prefabs/Assault_Rifle_M4_with_scope.prefab using Guid(00e1a7832b68bae4eb28cecf9ba645bc) Importer(815301076,1909f56bfc062723c751e8b465ee728b)  -> (artifact id: 'ede4a46ae772b55c676a39b1c47f7bd2') in 0.014833 seconds
  Import took 0.018217 seconds .

========================================================================
Received Prepare
Registering precompiled user dll's ...
Registered in 0.001111 seconds.
Begin MonoManager ReloadAssembly
Native extension for WindowsStandalone target not found
Native extension for WebGL target not found
Refreshing native plugins compatible for Editor in 0.31 ms, found 0 plugins.
Preloading 0 native plugins for Editor in 0.00 ms.
Mono: successfully reloaded assembly
- Completed reload, in  0.914 seconds
Platform modules already initialized, skipping
Refreshing native plugins compatible for Editor in 0.30 ms, found 0 plugins.
Preloading 0 native plugins for Editor in 0.00 ms.
Unloading 1897 Unused Serialized files (Serialized files now loaded: 0)
System memory in use before: 90.3 MB.
System memory in use after: 90.3 MB.

Unloading 7 unused Assets to reduce memory usage. Loaded Objects now: 2438.
Total: 1.709300 ms (FindLiveObjects: 0.190900 ms CreateObjectMapping: 0.064300 ms MarkObjects: 1.353200 ms  DeleteObjects: 0.099800 ms)

========================================================================
Received Prepare
Registering precompiled user dll's ...
Registered in 0.001158 seconds.
Begin MonoManager ReloadAssembly
Native extension for WindowsStandalone target not found
Native extension for WebGL target not found
Refreshing native plugins compatible for Editor in 0.32 ms, found 0 plugins.
Preloading 0 native plugins for Editor in 0.00 ms.
Mono: successfully reloaded assembly
- Completed reload, in  1.081 seconds
Platform modules already initialized, skipping
Refreshing native plugins compatible for Editor in 0.45 ms, found 0 plugins.
Preloading 0 native plugins for Editor in 0.00 ms.
Unloading 1897 Unused Serialized files (Serialized files now loaded: 0)
System memory in use before: 90.3 MB.
System memory in use after: 90.3 MB.

Unloading 7 unused Assets to reduce memory usage. Loaded Objects now: 2441.
Total: 2.596800 ms (FindLiveObjects: 0.209300 ms CreateObjectMapping: 0.093100 ms MarkObjects: 2.141100 ms  DeleteObjects: 0.151600 ms)

========================================================================
Received Import Request.
  Time since last request: 555.784849 seconds.
  path: Assets/Prefabs/Assault_Rifle_M4_with_scope.prefab
  artifactKey: Guid(00e1a7832b68bae4eb28cecf9ba645bc) Importer(815301076,1909f56bfc062723c751e8b465ee728b)
Start importing Assets/Prefabs/Assault_Rifle_M4_with_scope.prefab using Guid(00e1a7832b68bae4eb28cecf9ba645bc) Importer(815301076,1909f56bfc062723c751e8b465ee728b)  -> (artifact id: 'c85034c9db08cf9a5119ffae9fd187d8') in 0.063913 seconds
  Import took 0.070060 seconds .

========================================================================
Received Prepare
Registering precompiled user dll's ...
Registered in 0.000941 seconds.
Begin MonoManager ReloadAssembly
Native extension for WindowsStandalone target not found
Native extension for WebGL target not found
Refreshing native plugins compatible for Editor in 0.29 ms, found 0 plugins.
Preloading 0 native plugins for Editor in 0.00 ms.
Mono: successfully reloaded assembly
- Completed reload, in  0.854 seconds
Platform modules already initialized, skipping
Refreshing native plugins compatible for Editor in 0.30 ms, found 0 plugins.
Preloading 0 native plugins for Editor in 0.00 ms.
Unloading 1897 Unused Serialized files (Serialized files now loaded: 0)
System memory in use before: 90.3 MB.
System memory in use after: 90.4 MB.

Unloading 7 unused Assets to reduce memory usage. Loaded Objects now: 2445.
Total: 2.004200 ms (FindLiveObjects: 0.287600 ms CreateObjectMapping: 0.081200 ms MarkObjects: 1.501000 ms  DeleteObjects: 0.133400 ms)

========================================================================
Received Import Request.
  Time since last request: 172.091187 seconds.
  path: Assets/PolygonApocalypse/Prefabs/FX
  artifactKey: Guid(390afbe21d9e2f54d80a1a2358e2a537) Importer(815301076,1909f56bfc062723c751e8b465ee728b)
Start importing Assets/PolygonApocalypse/Prefabs/FX using Guid(390afbe21d9e2f54d80a1a2358e2a537) Importer(815301076,1909f56bfc062723c751e8b465ee728b)  -> (artifact id: '6b3b32683efd3e63069b194e2be6b18b') in 0.009473 seconds
  Import took 0.014170 seconds .

========================================================================
Received Import Request.
  Time since last request: 2.244172 seconds.
  path: Assets/Prefabs/Assault_Rifle_M4_with_scope.prefab
  artifactKey: Guid(00e1a7832b68bae4eb28cecf9ba645bc) Importer(815301076,1909f56bfc062723c751e8b465ee728b)
Start importing Assets/Prefabs/Assault_Rifle_M4_with_scope.prefab using Guid(00e1a7832b68bae4eb28cecf9ba645bc) Importer(815301076,1909f56bfc062723c751e8b465ee728b)  -> (artifact id: 'f7b62c3fb1f4cfe5ca9e5e63b4a601aa') in 0.059176 seconds
  Import took 0.062442 seconds .

========================================================================
Received Import Request.
  Time since last request: 7.337338 seconds.
  path: Assets/Prefabs/Assault_Rifle_M4_with_scope.prefab
  artifactKey: Guid(00e1a7832b68bae4eb28cecf9ba645bc) Importer(815301076,1909f56bfc062723c751e8b465ee728b)
Start importing Assets/Prefabs/Assault_Rifle_M4_with_scope.prefab using Guid(00e1a7832b68bae4eb28cecf9ba645bc) Importer(815301076,1909f56bfc062723c751e8b465ee728b)  -> (artifact id: '8fc94cd252797d6bf9a0e792854f668f') in 0.020794 seconds
  Import took 0.024896 seconds .

========================================================================
Received Prepare
Registering precompiled user dll's ...
Registered in 0.001269 seconds.
Begin MonoManager ReloadAssembly
Native extension for WindowsStandalone target not found
Native extension for WebGL target not found
Refreshing native plugins compatible for Editor in 0.45 ms, found 0 plugins.
Preloading 0 native plugins for Editor in 0.00 ms.
Mono: successfully reloaded assembly
- Completed reload, in  0.935 seconds
Platform modules already initialized, skipping
Refreshing native plugins compatible for Editor in 0.29 ms, found 0 plugins.
Preloading 0 native plugins for Editor in 0.00 ms.
Unloading 1897 Unused Serialized files (Serialized files now loaded: 0)
System memory in use before: 90.5 MB.
System memory in use after: 90.5 MB.

Unloading 7 unused Assets to reduce memory usage. Loaded Objects now: 2450.
Total: 2.275700 ms (FindLiveObjects: 0.408600 ms CreateObjectMapping: 0.082500 ms MarkObjects: 1.658300 ms  DeleteObjects: 0.125200 ms)

========================================================================
Received Import Request.
  Time since last request: 23.340281 seconds.
  path: Assets/Prefabs/Assault_Rifle_M4_with_scope.prefab
  artifactKey: Guid(00e1a7832b68bae4eb28cecf9ba645bc) Importer(815301076,1909f56bfc062723c751e8b465ee728b)
Start importing Assets/Prefabs/Assault_Rifle_M4_with_scope.prefab using Guid(00e1a7832b68bae4eb28cecf9ba645bc) Importer(815301076,1909f56bfc062723c751e8b465ee728b)  -> (artifact id: 'b8145b03eeafe6028b82feccaf41a532') in 0.062794 seconds
  Import took 0.068093 seconds .

========================================================================
Received Import Request.
  Time since last request: 60.829495 seconds.
  path: Assets/Prefabs/Assault_Rifle_M4_with_scope.prefab
  artifactKey: Guid(00e1a7832b68bae4eb28cecf9ba645bc) Importer(815301076,1909f56bfc062723c751e8b465ee728b)
Start importing Assets/Prefabs/Assault_Rifle_M4_with_scope.prefab using Guid(00e1a7832b68bae4eb28cecf9ba645bc) Importer(815301076,1909f56bfc062723c751e8b465ee728b)  -> (artifact id: 'bd29110b57beee23595ff41670e82bf9') in 0.025410 seconds
  Import took 0.029257 seconds .

========================================================================
Received Prepare
Registering precompiled user dll's ...
Registered in 0.002057 seconds.
Begin MonoManager ReloadAssembly
Native extension for WindowsStandalone target not found
Native extension for WebGL target not found
Refreshing native plugins compatible for Editor in 0.38 ms, found 0 plugins.
Preloading 0 native plugins for Editor in 0.00 ms.
Mono: successfully reloaded assembly
- Completed reload, in  0.922 seconds
Platform modules already initialized, skipping
Refreshing native plugins compatible for Editor in 0.43 ms, found 0 plugins.
Preloading 0 native plugins for Editor in 0.00 ms.
Unloading 1897 Unused Serialized files (Serialized files now loaded: 0)
System memory in use before: 90.5 MB.
System memory in use after: 90.5 MB.

Unloading 7 unused Assets to reduce memory usage. Loaded Objects now: 2454.
Total: 1.905500 ms (FindLiveObjects: 0.176900 ms CreateObjectMapping: 0.062400 ms MarkObjects: 1.560000 ms  DeleteObjects: 0.105100 ms)

========================================================================
Received Prepare
Registering precompiled user dll's ...
Registered in 0.001271 seconds.
Begin MonoManager ReloadAssembly
Native extension for WindowsStandalone target not found
Native extension for WebGL target not found
Refreshing native plugins compatible for Editor in 0.39 ms, found 0 plugins.
Preloading 0 native plugins for Editor in 0.00 ms.
Mono: successfully reloaded assembly
- Completed reload, in  0.857 seconds
Platform modules already initialized, skipping
Refreshing native plugins compatible for Editor in 0.32 ms, found 0 plugins.
Preloading 0 native plugins for Editor in 0.00 ms.
Unloading 1897 Unused Serialized files (Serialized files now loaded: 0)
System memory in use before: 90.5 MB.
System memory in use after: 90.5 MB.

Unloading 7 unused Assets to reduce memory usage. Loaded Objects now: 2457.
Total: 2.375300 ms (FindLiveObjects: 0.354000 ms CreateObjectMapping: 0.165000 ms MarkObjects: 1.747600 ms  DeleteObjects: 0.106600 ms)

AssetImportWorkerClient::OnTransportError - code=2 error=End of file
